<?xml version="1.0" encoding="UTF-8"?>
<testsuite xmlns:xsi="http://www.w3.org/2001/XMLSchema-instance" xsi:noNamespaceSchemaLocation="https://maven.apache.org/surefire/maven-surefire-plugin/xsd/surefire-test-report.xsd" name="TestTrendAssessment" time="0.327" tests="2" errors="0" skipped="0" failures="0">
  <properties>
[...]
</properties>
  <testcase name="testNoSuchFile" classname="TestTrendAssessment" time="0.048"/>
  <testcase name="testDataNotValid" classname="TestTrendAssessment" time="0.262"/>
</testsuite>